[19:01:40] [ServerMain/ERROR]: [DirectoryProviderSource] Error loading plugin: Directory 'plugins\leon1.jar' failed to load!
java.lang.RuntimeException: Directory 'plugins\leon1.jar' failed to load!
	at io.papermc.paper.plugin.provider.source.FileProviderSource.registerProviders(FileProviderSource.java:59) ~[paper-1.20.1.jar:git-Paper-196]
	at io.papermc.paper.plugin.provider.source.DirectoryProviderSource.lambda$registerProviders$1(DirectoryProviderSource.java:34) ~[paper-1.20.1.jar:git-Paper-196]
	at java.util.stream.ForEachOps$ForEachOp$OfRef.accept(ForEachOps.java:183) ~[?:?]
	at java.util.stream.ReferencePipeline$2$1.accept(ReferencePipeline.java:179) ~[?:?]
	at java.util.stream.ReferencePipeline$3$1.accept(ReferencePipeline.java:197) ~[?:?]
	at java.util.Iterator.forEachRemaining(Iterator.java:133) ~[?:?]
	at java.util.Spliterators$IteratorSpliterator.forEachRemaining(Spliterators.java:1845) ~[?:?]
	at java.util.stream.AbstractPipeline.copyInto(AbstractPipeline.java:509) ~[?:?]
	at java.util.stream.AbstractPipeline.wrapAndCopyInto(AbstractPipeline.java:499) ~[?:?]
	at java.util.stream.ForEachOps$ForEachOp.evaluateSequential(ForEachOps.java:150) ~[?:?]
	at java.util.stream.ForEachOps$ForEachOp$OfRef.evaluateSequential(ForEachOps.java:173) ~[?:?]
	at java.util.stream.AbstractPipeline.evaluate(AbstractPipeline.java:234) ~[?:?]
	at java.util.stream.ReferencePipeline.forEach(ReferencePipeline.java:596) ~[?:?]
	at io.papermc.paper.plugin.provider.source.DirectoryProviderSource.registerProviders(DirectoryProviderSource.java:32) ~[paper-1.20.1.jar:git-Paper-196]
	at io.papermc.paper.plugin.provider.source.DirectoryProviderSource.registerProviders(DirectoryProviderSource.java:14) ~[paper-1.20.1.jar:git-Paper-196]
	at io.papermc.paper.plugin.util.EntrypointUtil.registerProvidersFromSource(EntrypointUtil.java:14) ~[paper-1.20.1.jar:git-Paper-196]
	at io.papermc.paper.plugin.PluginInitializerManager.load(PluginInitializerManager.java:100) ~[paper-1.20.1.jar:git-Paper-196]
	at net.minecraft.server.Main.main(Main.java:137) ~[paper-1.20.1.jar:git-Paper-196]
	at org.bukkit.craftbukkit.Main.main(Main.java:324) ~[paper-1.20.1.jar:git-Paper-196]
	at io.papermc.paperclip.Paperclip.lambda$main$0(Paperclip.java:42) ~[app:?]
	at java.lang.Thread.run(Thread.java:833) ~[?:?]
Caused by: java.lang.IllegalArgumentException: Directory 'plugins\leon1.jar' does not contain a paper-plugin.yml or plugin.yml! Could not determine plugin type, cannot load a plugin from it!
	at io.papermc.paper.plugin.provider.source.FileProviderSource.registerProviders(FileProviderSource.java:54) ~[paper-1.20.1.jar:git-Paper-196]
	... 20 more
[19:01:43] [ServerMain/INFO]: Environment: authHost='https://authserver.mojang.com', accountsHost='https://api.mojang.com', sessionHost='https://sessionserver.mojang.com', servicesHost='https://api.minecraftservices.com', name='PROD'
[19:01:45] [ServerMain/INFO]: Loaded 7 recipes
[19:01:45] [Server thread/INFO]: Starting minecraft server version 1.20.1
[19:01:45] [Server thread/INFO]: Loading properties
[19:01:45] [Server thread/INFO]: This server is running Paper version git-Paper-196 (MC: 1.20.1) (Implementing API version 1.20.1-R0.1-SNAPSHOT) (Git: 773dd72)
[19:01:46] [Server thread/INFO]: Server Ping Player Sample Count: 12
[19:01:46] [Server thread/INFO]: Using 4 threads for Netty based IO
[19:01:46] [Server thread/WARN]: [!] The timings profiler has been enabled but has been scheduled for removal from Paper in the future.
    We recommend installing the spark profiler as a replacement: https://spark.lucko.me/
    For more information please visit: https://github.com/PaperMC/Paper/issues/8948
[19:01:46] [Server thread/INFO]: [ChunkTaskScheduler] Chunk system is using 1 I/O threads, 3 worker threads, and gen parallelism of 3 threads
[19:01:46] [Server thread/INFO]: Default game type: SURVIVAL
[19:01:46] [Server thread/INFO]: Generating keypair
[19:01:46] [Server thread/INFO]: Starting Minecraft server on *:25565
[19:01:46] [Server thread/INFO]: Using default channel type
[19:01:46] [Server thread/INFO]: Paper: Using Java compression from Velocity.
[19:01:46] [Server thread/INFO]: Paper: Using Java cipher from Velocity.
[19:01:46] [Server thread/WARN]: [org.bukkit.craftbukkit.v1_20_R1.legacy.CraftLegacy] Initializing Legacy Material Support. Unless you have legacy plugins and/or data this is a bug!
[19:01:48] [Server thread/WARN]: Legacy plugin Tutorial-Projekt v1.0.0 does not specify an api-version.
[19:01:48] [Server thread/INFO]: [SpigotLibraryLoader] [Tutorial-Projekt] Loading 2 libraries... please wait
[19:01:48] [Server thread/INFO]: [SpigotLibraryLoader] [Tutorial-Projekt] Loaded library C:\Users\Noah\Documents\.Noah\Programming\Java\Leon\run\libraries\de\miraculixx\kpaper\1.1.0\kpaper-1.1.0.jar
[19:01:48] [Server thread/INFO]: [SpigotLibraryLoader] [Tutorial-Projekt] Loaded library C:\Users\Noah\Documents\.Noah\Programming\Java\Leon\run\libraries\org\jetbrains\kotlinx\kotlinx-serialization-json-jvm\1.5.0\kotlinx-serialization-json-jvm-1.5.0.jar
[19:01:48] [Server thread/INFO]: [SpigotLibraryLoader] [Tutorial-Projekt] Loaded library C:\Users\Noah\Documents\.Noah\Programming\Java\Leon\run\libraries\org\jetbrains\kotlin\kotlin-stdlib\1.8.10\kotlin-stdlib-1.8.10.jar
[19:01:48] [Server thread/INFO]: [SpigotLibraryLoader] [Tutorial-Projekt] Loaded library C:\Users\Noah\Documents\.Noah\Programming\Java\Leon\run\libraries\org\jetbrains\annotations\13.0\annotations-13.0.jar
[19:01:48] [Server thread/INFO]: [SpigotLibraryLoader] [Tutorial-Projekt] Loaded library C:\Users\Noah\Documents\.Noah\Programming\Java\Leon\run\libraries\org\jetbrains\kotlin\kotlin-stdlib-common\1.8.10\kotlin-stdlib-common-1.8.10.jar
[19:01:48] [Server thread/INFO]: [SpigotLibraryLoader] [Tutorial-Projekt] Loaded library C:\Users\Noah\Documents\.Noah\Programming\Java\Leon\run\libraries\org\jetbrains\kotlinx\kotlinx-serialization-core-jvm\1.5.0\kotlinx-serialization-core-jvm-1.5.0.jar
[19:01:48] [Server thread/INFO]: [SpigotLibraryLoader] [Tutorial-Projekt] Loaded library C:\Users\Noah\Documents\.Noah\Programming\Java\Leon\run\libraries\org\jetbrains\kotlinx\kotlinx-coroutines-core-jvm\1.6.4\kotlinx-coroutines-core-jvm-1.6.4.jar
[19:01:48] [Server thread/INFO]: [SpigotLibraryLoader] [Tutorial-Projekt] Loaded library C:\Users\Noah\Documents\.Noah\Programming\Java\Leon\run\libraries\org\jetbrains\kotlinx\kotlinx-coroutines-jdk8\1.6.4\kotlinx-coroutines-jdk8-1.6.4.jar
[19:01:48] [Server thread/INFO]: [SpigotLibraryLoader] [Tutorial-Projekt] Loaded library C:\Users\Noah\Documents\.Noah\Programming\Java\Leon\run\libraries\org\jetbrains\kotlin\kotlin-stdlib-jdk8\1.8.20\kotlin-stdlib-jdk8-1.8.20.jar
[19:01:48] [Server thread/INFO]: [SpigotLibraryLoader] [Tutorial-Projekt] Loaded library C:\Users\Noah\Documents\.Noah\Programming\Java\Leon\run\libraries\org\jetbrains\kotlin\kotlin-stdlib-jdk7\1.8.20\kotlin-stdlib-jdk7-1.8.20.jar
[19:01:48] [Server thread/INFO]: [SpigotLibraryLoader] [Tutorial-Projekt] Loaded library C:\Users\Noah\Documents\.Noah\Programming\Java\Leon\run\libraries\org\json\json\20231013\json-20231013.jar
[19:01:49] [Server thread/INFO]: [Tutorial-Projekt] Loading server plugin Tutorial-Projekt v1.0.0
[19:01:49] [Server thread/INFO]: Server permissions file permissions.yml is empty, ignoring it
[19:01:49] [Server thread/INFO]: Preparing level "world"
[19:01:49] [Server thread/INFO]: Preparing start region for dimension minecraft:overworld
[19:01:49] [Server thread/INFO]: Time elapsed: 181 ms
[19:01:49] [Server thread/INFO]: Preparing start region for dimension minecraft:the_nether
[19:01:49] [Server thread/INFO]: Time elapsed: 26 ms
[19:01:49] [Server thread/INFO]: Preparing start region for dimension minecraft:the_end
[19:01:49] [Server thread/INFO]: Time elapsed: 20 ms
[19:01:49] [Server thread/INFO]: [Tutorial-Projekt] Enabling Tutorial-Projekt v1.0.0*
[19:01:50] [Server thread/INFO]: {"author":{"gists_url":"https://api.github.com/users/mordechaim/gists{/gist_id}","repos_url":"https://api.github.com/users/mordechaim/repos","following_url":"https://api.github.com/users/mordechaim/following{/other_user}","starred_url":"https://api.github.com/users/mordechaim/starred{/owner}{/repo}","login":"mordechaim","followers_url":"https://api.github.com/users/mordechaim/followers","type":"User","url":"https://api.github.com/users/mordechaim","subscriptions_url":"https://api.github.com/users/mordechaim/subscriptions","received_events_url":"https://api.github.com/users/mordechaim/received_events","avatar_url":"https://avatars.githubusercontent.com/u/12547785?v=4","events_url":"https://api.github.com/users/mordechaim/events{/privacy}","html_url":"https://github.com/mordechaim","site_admin":false,"id":12547785,"gravatar_id":"","node_id":"MDQ6VXNlcjEyNTQ3Nzg1","organizations_url":"https://api.github.com/users/mordechaim/orgs"},"tag_name":"1.5.6","created_at":"2020-10-27T20:44:33Z","body":"","url":"https://api.github.com/repos/update4j/update4j/releases/33134046","assets_url":"https://api.github.com/repos/update4j/update4j/releases/33134046/assets","assets":[{"created_at":"2020-10-27T21:28:22Z","browser_download_url":"https://github.com/update4j/update4j/releases/download/1.5.6/update4j-1.5.6.jar","label":null,"url":"https://api.github.com/repos/update4j/update4j/releases/assets/27609775","download_count":227,"content_type":"application/octet-stream","size":131581,"updated_at":"2020-10-27T21:28:23Z","uploader":{"gists_url":"https://api.github.com/users/mordechaim/gists{/gist_id}","repos_url":"https://api.github.com/users/mordechaim/repos","following_url":"https://api.github.com/users/mordechaim/following{/other_user}","starred_url":"https://api.github.com/users/mordechaim/starred{/owner}{/repo}","login":"mordechaim","followers_url":"https://api.github.com/users/mordechaim/followers","type":"User","url":"https://api.github.com/users/mordechaim","subscriptions_url":"https://api.github.com/users/mordechaim/subscriptions","received_events_url":"https://api.github.com/users/mordechaim/received_events","avatar_url":"https://avatars.githubusercontent.com/u/12547785?v=4","events_url":"https://api.github.com/users/mordechaim/events{/privacy}","html_url":"https://github.com/mordechaim","site_admin":false,"id":12547785,"gravatar_id":"","node_id":"MDQ6VXNlcjEyNTQ3Nzg1","organizations_url":"https://api.github.com/users/mordechaim/orgs"},"name":"update4j-1.5.6.jar","id":27609775,"state":"uploaded","node_id":"MDEyOlJlbGVhc2VBc3NldDI3NjA5Nzc1"}],"prerelease":false,"html_url":"https://github.com/update4j/update4j/releases/tag/1.5.6","target_commitish":"master","draft":false,"zipball_url":"https://api.github.com/repos/update4j/update4j/zipball/1.5.6","name":"1.5.6","upload_url":"https://uploads.github.com/repos/update4j/update4j/releases/33134046/assets{?name,label}","id":33134046,"published_at":"2020-10-27T21:28:34Z","tarball_url":"https://api.github.com/repos/update4j/update4j/tarball/1.5.6","node_id":"MDc6UmVsZWFzZTMzMTM0MDQ2"}
[19:01:50] [Server thread/INFO]: 1.5.6
[19:01:50] [Server thread/INFO]: https://github.com/update4j/update4j/releases/download/1.5.6/update4j-1.5.6.jar
[19:01:50] [Server thread/INFO]: 
[19:01:50] [Server thread/INFO]:  _______   __                      __                  __    __                  __              __                                                           
[19:01:50] [Server thread/INFO]: |       \ |  \                    |  \                |  \  |  \                |  \            |  \                                                          
[19:01:50] [Server thread/INFO]: | $$$$$$$\| $$ __    __   ______   \$$ _______        | $$  | $$  ______    ____| $$  ______   _| $$_     ______    ______                                    
[19:01:50] [Server thread/INFO]: | $$__/ $$| $$|  \  |  \ /      \ |  \|       \       | $$  | $$ /      \  /      $$ |      \ |   $$ \   /      \  /      \                                   
[19:01:50] [Server thread/INFO]: | $$    $$| $$| $$  | $$|  $$$$$$\| $$| $$$$$$$\      | $$  | $$|  $$$$$$\|  $$$$$$$  \$$$$$$\ \$$$$$$  |  $$$$$$\|  $$$$$$\                                  
[19:01:50] [Server thread/INFO]: | $$$$$$$ | $$| $$  | $$| $$  | $$| $$| $$  | $$      | $$  | $$| $$  | $$| $$  | $$ /      $$  | $$ __ | $$    $$| $$   \$$                                  
[19:01:50] [Server thread/INFO]: | $$      | $$| $$__/ $$| $$__| $$| $$| $$  | $$      | $$__/ $$| $$__/ $$| $$__| $$|  $$$$$$$  | $$|  \| $$$$$$$$| $$                                        
[19:01:50] [Server thread/INFO]: | $$      | $$ \$$    $$ \$$    $$| $$| $$  | $$       \$$    $$| $$    $$ \$$    $$ \$$    $$   \$$  $$ \$$     \| $$                                        
[19:01:50] [Server thread/INFO]:  \$$       \$$  \$$$$$$  _\$$$$$$$ \$$ \$$   \$$        \$$$$$$ | $$$$$$$   \$$$$$$$  \$$$$$$$    \$$$$   \$$$$$$$ \$$                                        
[19:01:50] [Server thread/INFO]:                         |  \__| $$                              | $$                                                                                          
[19:01:50] [Server thread/INFO]:                          \$$    $$                              | $$                                                                                          
[19:01:50] [Server thread/INFO]:                           \$$$$$$                                \$$                                                                                          
[19:01:50] [Server thread/INFO]:  __       __                  __                  __                        __    __   ______    ______    ______   ________  __       __  ________  _______  
[19:01:50] [Server thread/INFO]: |  \     /  \                |  \                |  \                      |  \  |  \ /      \  /      \  /      \ |        \|  \     /  \|        \|       \ 
[19:01:50] [Server thread/INFO]: | $$\   /  $$  ______    ____| $$  ______        | $$____   __    __       | $$\ | $$|  $$$$$$\|  $$$$$$\|  $$$$$$\| $$$$$$$$| $$\   /  $$| $$$$$$$$| $$$$$$$\
[19:01:50] [Server thread/INFO]: | $$$\ /  $$$ |      \  /      $$ /      \       | $$    \ |  \  |  \      | $$$\| $$| $$  | $$| $$ __\$$| $$__| $$| $$__    | $$$\ /  $$$| $$__    | $$__| $$
[19:01:50] [Server thread/INFO]: | $$$$\  $$$$  \$$$$$$\|  $$$$$$$|  $$$$$$\      | $$$$$$$\| $$  | $$      | $$$$\ $$| $$  | $$| $$|    \| $$    $$| $$  \   | $$$$\  $$$$| $$  \   | $$    $$
[19:01:50] [Server thread/INFO]: | $$\$$ $$ $$ /      $$| $$  | $$| $$    $$      | $$  | $$| $$  | $$      | $$\$$ $$| $$  | $$| $$ \$$$$| $$$$$$$$| $$$$$   | $$\$$ $$ $$| $$$$$   | $$$$$$$\
[19:01:50] [Server thread/INFO]: | $$ \$$$| $$|  $$$$$$$| $$__| $$| $$$$$$$$      | $$__/ $$| $$__/ $$      | $$ \$$$$| $$__/ $$| $$__| $$| $$  | $$| $$_____ | $$ \$$$| $$| $$_____ | $$  | $$
[19:01:50] [Server thread/INFO]: | $$  \$ | $$ \$$    $$ \$$    $$ \$$     \      | $$    $$ \$$    $$      | $$  \$$$ \$$    $$ \$$    $$| $$  | $$| $$     \| $$  \$ | $$| $$     \| $$  | $$
[19:01:50] [Server thread/INFO]:  \$$      \$$  \$$$$$$$  \$$$$$$$  \$$$$$$$       \$$$$$$$  _\$$$$$$$       \$$   \$$  \$$$$$$   \$$$$$$  \$$   \$$ \$$$$$$$$ \$$      \$$ \$$$$$$$$ \$$   \$$
[19:01:50] [Server thread/INFO]:                                                            |  \__| $$                                                                                         
[19:01:50] [Server thread/INFO]:                                                             \$$    $$                                                                                         
[19:01:50] [Server thread/INFO]:                                                              \$$$$$$                                                                                          
[19:01:50] [Server thread/INFO]: 
[19:01:50] [Server thread/INFO]: Running delayed init tasks
[19:01:50] [Server thread/INFO]: Done (4.941s)! For help, type "help"
[19:01:50] [Server thread/INFO]: Timings Reset
